Log file open, 11/10/23 17:37:44
LogWindows: Failed to load 'aqProf.dll' (GetLastError=126)
LogWindows: File 'aqProf.dll' does not exist
LogWindows: Failed to load 'VtuneApi.dll' (GetLastError=126)
LogWindows: File 'VtuneApi.dll' does not exist
LogWindows: Failed to load 'VtuneApi32e.dll' (GetLastError=126)
LogWindows: File 'VtuneApi32e.dll' does not exist
LogConsoleResponse: Display: Failed to find resolution value strings in scalability ini. Falling back to default.
LogConsoleResponse: Display: Failed to find resolution value strings in scalability ini. Falling back to default.
LogInit: Display: Running engine for game: Sunny_Delivery
LogPlatformFile: Not using cached read wrapper
LogTaskGraph: Started task graph with 5 named threads and 23 total threads with 3 sets of task threads.
LogStats: Stats thread started at 24.471740
LogICUInternationalization: ICU TimeZone Detection - Raw Offset: +7:00, Platform Override: ''
LogInit: Display: Loading text-based GConfig....
LogPluginManager: Mounting plugin MeshPainting
LogPluginManager: Mounting plugin XGEController
LogPluginManager: Mounting plugin Paper2D
LogPluginManager: Mounting plugin EnvironmentQueryEditor
LogPluginManager: Mounting plugin AISupport
LogPluginManager: Mounting plugin LightPropagationVolume
LogPluginManager: Mounting plugin CameraShakePreviewer
LogPluginManager: Mounting plugin GameplayCameras
LogPluginManager: Mounting plugin LiveLink
LogPluginManager: Mounting plugin OodleData
LogPluginManager: Mounting plugin OodleNetwork
LogPluginManager: Mounting plugin AnimationSharing
LogPluginManager: Mounting plugin CLionSourceCodeAccess
LogPluginManager: Mounting plugin CodeLiteSourceCodeAccess
LogPluginManager: Mounting plugin GitSourceControl
LogPluginManager: Mounting plugin PixWinPlugin
LogPluginManager: Mounting plugin KDevelopSourceCodeAccess
LogPluginManager: Mounting plugin PerforceSourceControl
LogPluginManager: Mounting plugin PlasticSourceControl
LogPluginManager: Mounting plugin NullSourceCodeAccess
LogPluginManager: Mounting plugin PluginUtils
LogPluginManager: Mounting plugin PropertyAccessNode
LogPluginManager: Mounting plugin UObjectPlugin
LogPluginManager: Mounting plugin VisualStudioCodeSourceCodeAccess
LogPluginManager: Mounting plugin VisualStudioSourceCodeAccess
LogPluginManager: Mounting plugin XCodeSourceCodeAccess
LogPluginManager: Mounting plugin Niagara
LogPluginManager: Mounting plugin RiderSourceCodeAccess
LogPluginManager: Mounting plugin SubversionSourceControl
LogPluginManager: Mounting plugin TextureFormatOodle
LogPluginManager: Mounting plugin AndroidMedia
LogPluginManager: Mounting plugin AvfMedia
LogPluginManager: Mounting plugin ImgMedia
LogPluginManager: Mounting plugin MediaCompositing
LogPluginManager: Mounting plugin MediaPlayerEditor
LogPluginManager: Mounting plugin LuminPlatformFeatures
LogPluginManager: Mounting plugin WebMMedia
LogPluginManager: Mounting plugin WmfMedia
LogPluginManager: Mounting plugin MagicLeapMedia
LogPluginManager: Mounting plugin MagicLeapLightEstimation
LogPluginManager: Mounting plugin MLSDK
LogPluginManager: Mounting plugin TcpMessaging
LogPluginManager: Mounting plugin UdpMessaging
LogPluginManager: Mounting plugin LauncherChunkInstaller
LogPluginManager: Mounting plugin ActorSequence
LogPluginManager: Mounting plugin MagicLeap
LogPluginManager: Mounting plugin MagicLeapPassableWorld
LogPluginManager: Mounting plugin TemplateSequence
LogPluginManager: Mounting plugin MatineeToLevelSequence
LogPluginManager: Mounting plugin LevelSequenceEditor
LogPluginManager: Mounting plugin OnlineSubsystem
LogPluginManager: Mounting plugin OnlineSubsystemNull
LogPluginManager: Mounting plugin OnlineSubsystemUtils
LogPluginManager: Mounting plugin AssetManagerEditor
LogPluginManager: Mounting plugin CryptoKeys
LogPluginManager: Mounting plugin CurveEditorTools
LogPluginManager: Mounting plugin DataValidation
LogPluginManager: Mounting plugin GameplayTagsEditor
LogPluginManager: Mounting plugin FacialAnimation
LogPluginManager: Mounting plugin GeometryMode
LogPluginManager: Mounting plugin MacGraphicsSwitching
LogPluginManager: Mounting plugin MaterialAnalyzer
LogPluginManager: Mounting plugin SpeedTreeImporter
LogPluginManager: Mounting plugin MobileLauncherProfileWizard
LogPluginManager: Mounting plugin AlembicImporter
LogPluginManager: Mounting plugin PluginBrowser
LogPluginManager: Mounting plugin AutomationUtils
LogPluginManager: Mounting plugin BackChannel
LogPluginManager: Mounting plugin ChaosCloth
LogPluginManager: Mounting plugin ChaosClothEditor
LogPluginManager: Mounting plugin ChaosEditor
LogPluginManager: Mounting plugin ChaosSolverPlugin
LogPluginManager: Mounting plugin CharacterAI
LogPluginManager: Mounting plugin GeometryCache
LogPluginManager: Mounting plugin GeometryCollectionPlugin
LogPluginManager: Mounting plugin GeometryProcessing
LogPluginManager: Mounting plugin ChaosNiagara
LogPluginManager: Mounting plugin MotoSynth
LogPluginManager: Mounting plugin OpenImageDenoise
LogPluginManager: Mounting plugin PlanarCut
LogPluginManager: Mounting plugin PlatformCrypto
LogPluginManager: Mounting plugin ProxyLODPlugin
LogPluginManager: Mounting plugin SkeletalReduction
LogPluginManager: Mounting plugin PythonScriptPlugin
LogPluginManager: Mounting plugin ScreenshotTools
LogPluginManager: Mounting plugin DatasmithContent
LogPluginManager: Mounting plugin ActorLayerUtilities
LogPluginManager: Mounting plugin VariantManagerContent
LogPluginManager: Mounting plugin AndroidDeviceProfileSelector
LogPluginManager: Mounting plugin AndroidMoviePlayer
LogPluginManager: Mounting plugin AndroidPermission
LogPluginManager: Mounting plugin AppleImageUtils
LogPluginManager: Mounting plugin AppleMoviePlayer
LogPluginManager: Mounting plugin ArchVisCharacter
LogPluginManager: Mounting plugin AssetTags
LogPluginManager: Mounting plugin AudioSynesthesia
LogPluginManager: Mounting plugin AudioCapture
LogPluginManager: Mounting plugin CableComponent
LogPluginManager: Mounting plugin ChunkDownloader
LogPluginManager: Mounting plugin EditableMesh
LogPluginManager: Mounting plugin ExampleDeviceProfileSelector
LogPluginManager: Mounting plugin GoogleCloudMessaging
LogPluginManager: Mounting plugin GooglePAD
LogPluginManager: Mounting plugin IOSDeviceProfileSelector
LogPluginManager: Mounting plugin LinuxDeviceProfileSelector
LogPluginManager: Mounting plugin CustomMeshComponent
LogPluginManager: Mounting plugin LocationServicesBPLibrary
LogPluginManager: Mounting plugin MobilePatchingUtils
LogPluginManager: Mounting plugin OpenXR
LogPluginManager: Mounting plugin OpenXREyeTracker
LogPluginManager: Mounting plugin OpenXRHandTracking
LogPluginManager: Mounting plugin PostSplashScreen
LogPluginManager: Mounting plugin PhysXVehicles
LogPluginManager: Mounting plugin ProceduralMeshComponent
LogPluginManager: Mounting plugin PropertyAccessEditor
LogPluginManager: Mounting plugin RuntimePhysXCooking
LogPluginManager: Mounting plugin SignificanceManager
LogPluginManager: Mounting plugin SoundFields
LogPluginManager: Mounting plugin Synthesis
LogPluginManager: Mounting plugin WebMMoviePlayer
LogPluginManager: Mounting plugin WindowsMoviePlayer
LogPluginManager: Mounting plugin Takes
LogPluginManager: Mounting plugin OnlineSubsystemGooglePlay
LogPluginManager: Mounting plugin OnlineSubsystemIOS
LogPluginManager: Mounting plugin ContentBrowserAssetDataSource
LogPluginManager: Mounting plugin ContentBrowserClassDataSource
LogPluginManager: Mounting plugin ContentBrowserFileDataSource
LogPluginManager: Mounting plugin OculusVR
LogPluginManager: Mounting plugin SteamVR
PixWinPlugin: PIX capture plugin failed to initialize! Check that the process is launched from PIX.
LogInit: Using libcurl 7.55.1-DEV
LogInit:  - built for x86_64-pc-win32
LogInit:  - supports SSL with OpenSSL/1.1.1
LogInit:  - supports HTTP deflate (compression) using libz 1.2.8
LogInit:  - other features:
LogInit:      CURL_VERSION_SSL
LogInit:      CURL_VERSION_LIBZ
LogInit:      CURL_VERSION_IPV6
LogInit:      CURL_VERSION_ASYNCHDNS
LogInit:      CURL_VERSION_LARGEFILE
LogInit:      CURL_VERSION_IDN
LogInit:  CurlRequestOptions (configurable via config and command line):
LogInit:  - bVerifyPeer = true  - Libcurl will verify peer certificate
LogInit:  - bUseHttpProxy = false  - Libcurl will NOT use HTTP proxy
LogInit:  - bDontReuseConnections = false  - Libcurl will reuse connections
LogInit:  - MaxHostConnections = 16  - Libcurl will limit the number of connections to a host
LogInit:  - LocalHostAddr = Default
LogInit:  - BufferSize = 65536
LogOnline: OSS: Creating online subsystem instance for: NULL
LogInit: WinSock: version 1.1 (2.2), MaxSocks=32767, MaxUdp=65467
LogOnline: OSS: TryLoadSubsystemAndSetDefault: Loaded subsystem for module [NULL]
LogOculusPluginWrapper: OculusPlugin initialized successfully
LogHMD: Failed initializing OVRPlugin 1.59.0
LogInit: Build: ++UE4+Release-4.27-CL-18319896
LogInit: Engine Version: 4.27.2-18319896+++UE4+Release-4.27
LogInit: Compatible Engine Version: 4.27.0-17155196+++UE4+Release-4.27
LogInit: Net CL: 17155196
LogInit: OS: Windows 10 (Release 2009) (), CPU: Intel(R) Core(TM) i7-7700HQ CPU @ 2.80GHz, GPU: Intel(R) HD Graphics 630
LogInit: Compiled (64-bit): Nov 30 2021 07:12:08
LogInit: Compiled with Visual C++: 19.24.28315.00
LogInit: Build Configuration: Development
LogInit: Branch Name: ++UE4+Release-4.27
LogInit: Command Line: 
LogInit: Base Directory: D:/Game/UE_4.27/Engine/Binaries/Win64/
LogInit: Allocator: TBB
LogInit: Installed Engine Build: 1
LogDevObjectVersion: Number of dev versions registered: 29
LogDevObjectVersion:   Dev-Blueprints (B0D832E4-1F89-4F0D-ACCF-7EB736FD4AA2): 10
LogDevObjectVersion:   Dev-Build (E1C64328-A22C-4D53-A36C-8E866417BD8C): 0
LogDevObjectVersion:   Dev-Core (375EC13C-06E4-48FB-B500-84F0262A717E): 4
LogDevObjectVersion:   Dev-Editor (E4B068ED-F494-42E9-A231-DA0B2E46BB41): 40
LogDevObjectVersion:   Dev-Framework (CFFC743F-43B0-4480-9391-14DF171D2073): 37
LogDevObjectVersion:   Dev-Mobile (B02B49B5-BB20-44E9-A304-32B752E40360): 3
LogDevObjectVersion:   Dev-Networking (A4E4105C-59A1-49B5-A7C5-40C4547EDFEE): 0
LogDevObjectVersion:   Dev-Online (39C831C9-5AE6-47DC-9A44-9C173E1C8E7C): 0
LogDevObjectVersion:   Dev-Physics (78F01B33-EBEA-4F98-B9B4-84EACCB95AA2): 14
LogDevObjectVersion:   Dev-Platform (6631380F-2D4D-43E0-8009-CF276956A95A): 0
LogDevObjectVersion:   Dev-Rendering (12F88B9F-8875-4AFC-A67C-D90C383ABD29): 45
LogDevObjectVersion:   Dev-Sequencer (7B5AE74C-D270-4C10-A958-57980B212A5A): 13
LogDevObjectVersion:   Dev-VR (D7296918-1DD6-4BDD-9DE2-64A83CC13884): 3
LogDevObjectVersion:   Dev-LoadTimes (C2A15278-BFE7-4AFE-6C17-90FF531DF755): 1
LogDevObjectVersion:   Private-Geometry (6EACA3D4-40EC-4CC1-B786-8BED09428FC5): 3
LogDevObjectVersion:   Dev-AnimPhys (29E575DD-E0A3-4627-9D10-D276232CDCEA): 17
LogDevObjectVersion:   Dev-Anim (AF43A65D-7FD3-4947-9873-3E8ED9C1BB05): 15
LogDevObjectVersion:   Dev-ReflectionCapture (6B266CEC-1EC7-4B8F-A30B-E4D90942FC07): 1
LogDevObjectVersion:   Dev-Automation (0DF73D61-A23F-47EA-B727-89E90C41499A): 1
LogDevObjectVersion:   FortniteMain (601D1886-AC64-4F84-AA16-D3DE0DEAC7D6): 47
LogDevObjectVersion:   FortniteRelease (E7086368-6B23-4C58-8439-1B7016265E91): 1
LogDevObjectVersion:   Dev-Enterprise (9DFFBCD6-494F-0158-E221-12823C92A888): 10
LogDevObjectVersion:   Dev-Niagara (F2AED0AC-9AFE-416F-8664-AA7FFA26D6FC): 1
LogDevObjectVersion:   Dev-Destruction (174F1F0B-B4C6-45A5-B13F-2EE8D0FB917D): 10
LogDevObjectVersion:   Dev-Physics-Ext (35F94A83-E258-406C-A318-09F59610247C): 41
LogDevObjectVersion:   Dev-PhysicsMaterial-Chaos (B68FC16E-8B1B-42E2-B453-215C058844FE): 1
LogDevObjectVersion:   Dev-CineCamera (B2E18506-4273-CFC2-A54E-F4BB758BBA07): 1
LogDevObjectVersion:   Dev-VirtualProduction (64F58936-FD1B-42BA-BA96-7289D5D0FA4E): 1
LogDevObjectVersion:   Dev-MediaFramework (6F0ED827-A609-4895-9C91-998D90180EA4): 2
LogInit: Presizing for max 25165824 objects, including 0 objects not considered by GC, pre-allocating 0 bytes for permanent pool.
LogConfig: Applying CVar settings from Section [/Script/Engine.StreamingSettings] File [D:/Unreal Engine/Sunny-Delivery/Sunny_Delivery/Saved/Config/Windows/Engine.ini]
LogConfig: Setting CVar [[s.MinBulkDataSizeForAsyncLoading:131072]]
LogConfig: Setting CVar [[s.AsyncLoadingThreadEnabled:0]]
LogConfig: Setting CVar [[s.EventDrivenLoaderEnabled:1]]
LogConfig: Setting CVar [[s.WarnIfTimeLimitExceeded:0]]
LogConfig: Setting CVar [[s.TimeLimitExceededMultiplier:1.5]]
LogConfig: Setting CVar [[s.TimeLimitExceededMinTime:0.005]]
LogConfig: Setting CVar [[s.UseBackgroundLevelStreaming:1]]
LogConfig: Setting CVar [[s.PriorityAsyncLoadingExtraTime:15.0]]
LogConfig: Setting CVar [[s.LevelStreamingActorsUpdateTimeLimit:5.0]]
LogConfig: Setting CVar [[s.PriorityLevelStreamingActorsUpdateExtraTime:5.0]]
LogConfig: Setting CVar [[s.LevelStreamingComponentsRegistrationGranularity:10]]
LogConfig: Setting CVar [[s.UnregisterComponentsTimeLimit:1.0]]
LogConfig: Setting CVar [[s.LevelStreamingComponentsUnregistrationGranularity:5]]
LogConfig: Setting CVar [[s.FlushStreamingOnExit:1]]
LogInit: Object subsystem initialized
LogConfig: Setting CVar [[con.DebugEarlyDefault:1]]
LogConfig: Setting CVar [[r.setres:1280x720]]
[2023.11.10-10.38.05:067][  0]LogConfig: Setting CVar [[r.VSync:0]]
[2023.11.10-10.38.05:067][  0]LogConfig: Setting CVar [[r.RHICmdBypass:0]]
[2023.11.10-10.38.05:068][  0]LogConfig: Applying CVar settings from Section [/Script/Engine.RendererSettings] File [D:/Unreal Engine/Sunny-Delivery/Sunny_Delivery/Saved/Config/Windows/Engine.ini]
[2023.11.10-10.38.05:068][  0]LogConfig: Setting CVar [[r.GPUCrashDebugging:0]]
[2023.11.10-10.38.05:068][  0]LogConfig: Applying CVar settings from Section [/Script/Engine.RendererOverrideSettings] File [D:/Unreal Engine/Sunny-Delivery/Sunny_Delivery/Saved/Config/Windows/Engine.ini]
[2023.11.10-10.38.05:068][  0]LogConfig: Applying CVar settings from Section [/Script/Engine.StreamingSettings] File [D:/Unreal Engine/Sunny-Delivery/Sunny_Delivery/Saved/Config/Windows/Engine.ini]
[2023.11.10-10.38.05:068][  0]LogConfig: Setting CVar [[s.MinBulkDataSizeForAsyncLoading:131072]]
[2023.11.10-10.38.05:068][  0]LogConfig: Setting CVar [[s.AsyncLoadingThreadEnabled:0]]
[2023.11.10-10.38.05:068][  0]LogConfig: Setting CVar [[s.EventDrivenLoaderEnabled:1]]
[2023.11.10-10.38.05:068][  0]LogConfig: Setting CVar [[s.WarnIfTimeLimitExceeded:0]]
[2023.11.10-10.38.05:068][  0]LogConfig: Setting CVar [[s.TimeLimitExceededMultiplier:1.5]]
[2023.11.10-10.38.05:068][  0]LogConfig: Setting CVar [[s.TimeLimitExceededMinTime:0.005]]
[2023.11.10-10.38.05:068][  0]LogConfig: Setting CVar [[s.UseBackgroundLevelStreaming:1]]
[2023.11.10-10.38.05:068][  0]LogConfig: Setting CVar [[s.PriorityAsyncLoadingExtraTime:15.0]]
[2023.11.10-10.38.05:068][  0]LogConfig: Setting CVar [[s.LevelStreamingActorsUpdateTimeLimit:5.0]]
[2023.11.10-10.38.05:068][  0]LogConfig: Setting CVar [[s.PriorityLevelStreamingActorsUpdateExtraTime:5.0]]
[2023.11.10-10.38.05:068][  0]LogConfig: Setting CVar [[s.LevelStreamingComponentsRegistrationGranularity:10]]
[2023.11.10-10.38.05:068][  0]LogConfig: Setting CVar [[s.UnregisterComponentsTimeLimit:1.0]]
[2023.11.10-10.38.05:068][  0]LogConfig: Setting CVar [[s.LevelStreamingComponentsUnregistrationGranularity:5]]
[2023.11.10-10.38.05:068][  0]LogConfig: Setting CVar [[s.FlushStreamingOnExit:1]]
[2023.11.10-10.38.05:068][  0]LogConfig: Applying CVar settings from Section [/Script/Engine.GarbageCollectionSettings] File [D:/Unreal Engine/Sunny-Delivery/Sunny_Delivery/Saved/Config/Windows/Engine.ini]
[2023.11.10-10.38.05:068][  0]LogConfig: Setting CVar [[gc.MaxObjectsNotConsideredByGC:1]]
[2023.11.10-10.38.05:068][  0]LogConfig: Setting CVar [[gc.SizeOfPermanentObjectPool:0]]
[2023.11.10-10.38.05:068][  0]LogConfig: Setting CVar [[gc.FlushStreamingOnGC:0]]
[2023.11.10-10.38.05:068][  0]LogConfig: Setting CVar [[gc.NumRetriesBeforeForcingGC:10]]
[2023.11.10-10.38.05:068][  0]LogConfig: Setting CVar [[gc.AllowParallelGC:1]]
[2023.11.10-10.38.05:068][  0]LogConfig: Setting CVar [[gc.TimeBetweenPurgingPendingKillObjects:61.1]]
[2023.11.10-10.38.05:068][  0]LogConfig: Setting CVar [[gc.MaxObjectsInEditor:25165824]]
[2023.11.10-10.38.05:068][  0]LogConfig: Setting CVar [[gc.IncrementalBeginDestroyEnabled:1]]
[2023.11.10-10.38.05:069][  0]LogConfig: Setting CVar [[gc.CreateGCClusters:1]]
[2023.11.10-10.38.05:069][  0]LogConfig: Setting CVar [[gc.MinGCClusterSize:5]]
[2023.11.10-10.38.05:069][  0]LogConfig: Setting CVar [[gc.ActorClusteringEnabled:0]]
[2023.11.10-10.38.05:069][  0]LogConfig: Setting CVar [[gc.BlueprintClusteringEnabled:0]]
[2023.11.10-10.38.05:069][  0]LogConfig: Setting CVar [[gc.UseDisregardForGCOnDedicatedServers:0]]
[2023.11.10-10.38.05:069][  0]LogConfig: Setting CVar [[gc.MultithreadedDestructionEnabled:1]]
[2023.11.10-10.38.05:069][  0]LogConfig: Applying CVar settings from Section [/Script/Engine.NetworkSettings] File [D:/Unreal Engine/Sunny-Delivery/Sunny_Delivery/Saved/Config/Windows/Engine.ini]
[2023.11.10-10.38.05:069][  0]LogConfig: Applying CVar settings from Section [/Script/UnrealEd.CookerSettings] File [D:/Unreal Engine/Sunny-Delivery/Sunny_Delivery/Saved/Config/Windows/Engine.ini]
[2023.11.10-10.38.05:766][  0]LogConfig: Applying CVar settings from Section [ViewDistanceQuality@3] File [D:/Unreal Engine/Sunny-Delivery/Sunny_Delivery/Saved/Config/Windows/Scalability.ini]
[2023.11.10-10.38.05:766][  0]LogConfig: Setting CVar [[r.SkeletalMeshLODBias:0]]
[2023.11.10-10.38.05:766][  0]LogConfig: Setting CVar [[r.ViewDistanceScale:1.0]]
[2023.11.10-10.38.05:766][  0]LogConfig: Applying CVar settings from Section [AntiAliasingQuality@3] File [D:/Unreal Engine/Sunny-Delivery/Sunny_Delivery/Saved/Config/Windows/Scalability.ini]
[2023.11.10-10.38.05:766][  0]LogConfig: Setting CVar [[r.PostProcessAAQuality:4]]
[2023.11.10-10.38.05:766][  0]LogConfig: Applying CVar settings from Section [ShadowQuality@3] File [D:/Unreal Engine/Sunny-Delivery/Sunny_Delivery/Saved/Config/Windows/Scalability.ini]
[2023.11.10-10.38.05:766][  0]LogConfig: Setting CVar [[r.LightFunctionQuality:1]]
[2023.11.10-10.38.05:766][  0]LogConfig: Setting CVar [[r.ShadowQuality:5]]
[2023.11.10-10.38.05:766][  0]LogConfig: Setting CVar [[r.Shadow.CSM.MaxCascades:10]]
[2023.11.10-10.38.05:766][  0]LogConfig: Setting CVar [[r.Shadow.MaxResolution:2048]]
[2023.11.10-10.38.05:766][  0]LogConfig: Setting CVar [[r.Shadow.MaxCSMResolution:2048]]
[2023.11.10-10.38.05:766][  0]LogConfig: Setting CVar [[r.Shadow.RadiusThreshold:0.01]]
[2023.11.10-10.38.05:766][  0]LogConfig: Setting CVar [[r.Shadow.DistanceScale:1.0]]
[2023.11.10-10.38.05:766][  0]LogConfig: Setting CVar [[r.Shadow.CSM.TransitionScale:1.0]]
[2023.11.10-10.38.05:766][  0]LogConfig: Setting CVar [[r.Shadow.PreShadowResolutionFactor:1.0]]
[2023.11.10-10.38.05:766][  0]LogConfig: Setting CVar [[r.DistanceFieldShadowing:1]]
[2023.11.10-10.38.05:766][  0]LogConfig: Setting CVar [[r.DistanceFieldAO:1]]
[2023.11.10-10.38.05:766][  0]LogConfig: Setting CVar [[r.AOQuality:2]]
[2023.11.10-10.38.05:766][  0]LogConfig: Setting CVar [[r.VolumetricFog:1]]
[2023.11.10-10.38.05:766][  0]LogConfig: Setting CVar [[r.VolumetricFog.GridPixelSize:8]]
[2023.11.10-10.38.05:766][  0]LogConfig: Setting CVar [[r.VolumetricFog.GridSizeZ:128]]
[2023.11.10-10.38.05:766][  0]LogConfig: Setting CVar [[r.VolumetricFog.HistoryMissSupersampleCount:4]]
[2023.11.10-10.38.05:766][  0]LogConfig: Setting CVar [[r.LightMaxDrawDistanceScale:1]]
[2023.11.10-10.38.05:766][  0]LogConfig: Setting CVar [[r.CapsuleShadows:1]]
[2023.11.10-10.38.05:766][  0]LogConfig: Applying CVar settings from Section [PostProcessQuality@3] File [D:/Unreal Engine/Sunny-Delivery/Sunny_Delivery/Saved/Config/Windows/Scalability.ini]
[2023.11.10-10.38.05:766][  0]LogConfig: Setting CVar [[r.MotionBlurQuality:4]]
[2023.11.10-10.38.05:766][  0]LogConfig: Setting CVar [[r.AmbientOcclusionMipLevelFactor:0.4]]
[2023.11.10-10.38.05:766][  0]LogConfig: Setting CVar [[r.AmbientOcclusionMaxQuality:100]]
[2023.11.10-10.38.05:766][  0]LogConfig: Setting CVar [[r.AmbientOcclusionLevels:-1]]
[2023.11.10-10.38.05:766][  0]LogConfig: Setting CVar [[r.AmbientOcclusionRadiusScale:1.0]]
[2023.11.10-10.38.05:766][  0]LogConfig: Setting CVar [[r.DepthOfFieldQuality:2]]
[2023.11.10-10.38.05:766][  0]LogConfig: Setting CVar [[r.RenderTargetPoolMin:400]]
[2023.11.10-10.38.05:766][  0]LogConfig: Setting CVar [[r.LensFlareQuality:2]]
[2023.11.10-10.38.05:766][  0]LogConfig: Setting CVar [[r.SceneColorFringeQuality:1]]
[2023.11.10-10.38.05:766][  0]LogConfig: Setting CVar [[r.EyeAdaptationQuality:2]]
[2023.11.10-10.38.05:766][  0]LogConfig: Setting CVar [[r.BloomQuality:5]]
[2023.11.10-10.38.05:766][  0]LogConfig: Setting CVar [[r.FastBlurThreshold:100]]
[2023.11.10-10.38.05:766][  0]LogConfig: Setting CVar [[r.Upscale.Quality:3]]
[2023.11.10-10.38.05:766][  0]LogConfig: Setting CVar [[r.Tonemapper.GrainQuantization:1]]
[2023.11.10-10.38.05:766][  0]LogConfig: Setting CVar [[r.LightShaftQuality:1]]
[2023.11.10-10.38.05:766][  0]LogConfig: Setting CVar [[r.Filter.SizeScale:1]]
[2023.11.10-10.38.05:766][  0]LogConfig: Setting CVar [[r.Tonemapper.Quality:5]]
[2023.11.10-10.38.05:766][  0]LogConfig: Setting CVar [[r.DOF.Gather.AccumulatorQuality:1        ; higher gathering accumulator quality]]
[2023.11.10-10.38.05:766][  0]LogConfig: Setting CVar [[r.DOF.Gather.PostfilterMethod:1          ; Median3x3 postfilering method]]
[2023.11.10-10.38.05:766][  0]LogConfig: Setting CVar [[r.DOF.Gather.EnableBokehSettings:0       ; no bokeh simulation when gathering]]
[2023.11.10-10.38.05:766][  0]LogConfig: Setting CVar [[r.DOF.Gather.RingCount:4                 ; medium number of samples when gathering]]
[2023.11.10-10.38.05:766][  0]LogConfig: Setting CVar [[r.DOF.Scatter.ForegroundCompositing:1    ; additive foreground scattering]]
[2023.11.10-10.38.05:766][  0]LogConfig: Setting CVar [[r.DOF.Scatter.BackgroundCompositing:2    ; additive background scattering]]
[2023.11.10-10.38.05:766][  0]LogConfig: Setting CVar [[r.DOF.Scatter.EnableBokehSettings:1      ; bokeh simulation when scattering]]
[2023.11.10-10.38.05:766][  0]LogConfig: Setting CVar [[r.DOF.Scatter.MaxSpriteRatio:0.1         ; only a maximum of 10% of scattered bokeh]]
[2023.11.10-10.38.05:766][  0]LogConfig: Setting CVar [[r.DOF.Recombine.Quality:1                ; cheap slight out of focus]]
[2023.11.10-10.38.05:766][  0]LogConfig: Setting CVar [[r.DOF.Recombine.EnableBokehSettings:0    ; no bokeh simulation on slight out of focus]]
[2023.11.10-10.38.05:766][  0]LogConfig: Setting CVar [[r.DOF.TemporalAAQuality:1                ; more stable temporal accumulation]]
[2023.11.10-10.38.05:766][  0]LogConfig: Setting CVar [[r.DOF.Kernel.MaxForegroundRadius:0.025]]
[2023.11.10-10.38.05:766][  0]LogConfig: Setting CVar [[r.DOF.Kernel.MaxBackgroundRadius:0.025]]
[2023.11.10-10.38.05:766][  0]LogConfig: Applying CVar settings from Section [TextureQuality@3] File [D:/Unreal Engine/Sunny-Delivery/Sunny_Delivery/Saved/Config/Windows/Scalability.ini]
[2023.11.10-10.38.05:766][  0]LogConfig: Setting CVar [[r.Streaming.MipBias:0]]
[2023.11.10-10.38.05:766][  0]LogConfig: Setting CVar [[r.Streaming.AmortizeCPUToGPUCopy:0]]
[2023.11.10-10.38.05:766][  0]LogConfig: Setting CVar [[r.Streaming.MaxNumTexturesToStreamPerFrame:0]]
[2023.11.10-10.38.05:766][  0]LogConfig: Setting CVar [[r.Streaming.Boost:1]]
[2023.11.10-10.38.05:766][  0]LogConfig: Setting CVar [[r.MaxAnisotropy:8]]
[2023.11.10-10.38.05:766][  0]LogConfig: Setting CVar [[r.VT.MaxAnisotropy:8]]
[2023.11.10-10.38.05:766][  0]LogConfig: Setting CVar [[r.Streaming.LimitPoolSizeToVRAM:0]]
[2023.11.10-10.38.05:766][  0]LogConfig: Setting CVar [[r.Streaming.PoolSize:1000]]
[2023.11.10-10.38.05:766][  0]LogConfig: Setting CVar [[r.Streaming.MaxEffectiveScreenSize:0]]
[2023.11.10-10.38.05:766][  0]LogConfig: Applying CVar settings from Section [EffectsQuality@3] File [D:/Unreal Engine/Sunny-Delivery/Sunny_Delivery/Saved/Config/Windows/Scalability.ini]
[2023.11.10-10.38.05:766][  0]LogConfig: Setting CVar [[r.TranslucencyLightingVolumeDim:64]]
[2023.11.10-10.38.05:767][  0]LogConfig: Setting CVar [[r.RefractionQuality:2]]
[2023.11.10-10.38.05:767][  0]LogConfig: Setting CVar [[r.SSR.Quality:3]]
[2023.11.10-10.38.05:767][  0]LogConfig: Setting CVar [[r.SSR.HalfResSceneColor:0]]
[2023.11.10-10.38.05:767][  0]LogConfig: Setting CVar [[r.SceneColorFormat:4]]
[2023.11.10-10.38.05:767][  0]LogConfig: Setting CVar [[r.DetailMode:2]]
[2023.11.10-10.38.05:767][  0]LogConfig: Setting CVar [[r.TranslucencyVolumeBlur:1]]
[2023.11.10-10.38.05:767][  0]LogConfig: Setting CVar [[r.MaterialQualityLevel:1 ; High quality]]
[2023.11.10-10.38.05:767][  0]LogConfig: Setting CVar [[r.AnisotropicMaterials:1]]
[2023.11.10-10.38.05:767][  0]LogConfig: Setting CVar [[r.SSS.Scale:1]]
[2023.11.10-10.38.05:767][  0]LogConfig: Setting CVar [[r.SSS.SampleSet:2]]
[2023.11.10-10.38.05:767][  0]LogConfig: Setting CVar [[r.SSS.Quality:1]]
[2023.11.10-10.38.05:767][  0]LogConfig: Setting CVar [[r.SSS.HalfRes:0]]
[2023.11.10-10.38.05:767][  0]LogConfig: Setting CVar [[r.SSGI.Quality:3]]
[2023.11.10-10.38.05:767][  0]LogConfig: Setting CVar [[r.EmitterSpawnRateScale:1.0]]
[2023.11.10-10.38.05:767][  0]LogConfig: Setting CVar [[r.ParticleLightQuality:2]]
[2023.11.10-10.38.05:767][  0]LogConfig: Setting CVar [[r.SkyAtmosphere.AerialPerspectiveLUT.FastApplyOnOpaque:1 ; Always have FastSkyLUT 1 in this case to avoid wrong sky]]
[2023.11.10-10.38.05:767][  0]LogConfig: Setting CVar [[r.SkyAtmosphere.AerialPerspectiveLUT.SampleCountMaxPerSlice:4]]
[2023.11.10-10.38.05:767][  0]LogConfig: Setting CVar [[r.SkyAtmosphere.AerialPerspectiveLUT.DepthResolution:16.0]]
[2023.11.10-10.38.05:767][  0]LogConfig: Setting CVar [[r.SkyAtmosphere.FastSkyLUT:1]]
[2023.11.10-10.38.05:767][  0]LogConfig: Setting CVar [[r.SkyAtmosphere.FastSkyLUT.SampleCountMin:4.0]]
[2023.11.10-10.38.05:767][  0]LogConfig: Setting CVar [[r.SkyAtmosphere.FastSkyLUT.SampleCountMax:128.0]]
[2023.11.10-10.38.05:767][  0]LogConfig: Setting CVar [[r.SkyAtmosphere.SampleCountMin:4.0]]
[2023.11.10-10.38.05:767][  0]LogConfig: Setting CVar [[r.SkyAtmosphere.SampleCountMax:128.0]]
[2023.11.10-10.38.05:767][  0]LogConfig: Setting CVar [[r.SkyAtmosphere.TransmittanceLUT.UseSmallFormat:0]]
[2023.11.10-10.38.05:767][  0]LogConfig: Setting CVar [[r.SkyAtmosphere.TransmittanceLUT.SampleCount:10.0]]
[2023.11.10-10.38.05:767][  0]LogConfig: Setting CVar [[r.SkyAtmosphere.MultiScatteringLUT.SampleCount:15.0]]
[2023.11.10-10.38.05:767][  0]LogConfig: Setting CVar [[r.SkyLight.RealTimeReflectionCapture:1]]
[2023.11.10-10.38.05:767][  0]LogConfig: Applying CVar settings from Section [FoliageQuality@3] File [D:/Unreal Engine/Sunny-Delivery/Sunny_Delivery/Saved/Config/Windows/Scalability.ini]
[2023.11.10-10.38.05:767][  0]LogConfig: Setting CVar [[foliage.DensityScale:1.0]]
[2023.11.10-10.38.05:767][  0]LogConfig: Setting CVar [[grass.DensityScale:1.0]]
[2023.11.10-10.38.05:767][  0]LogConfig: Applying CVar settings from Section [ShadingQuality@3] File [D:/Unreal Engine/Sunny-Delivery/Sunny_Delivery/Saved/Config/Windows/Scalability.ini]
[2023.11.10-10.38.05:767][  0]LogConfig: Setting CVar [[r.HairStrands.SkyLighting.IntegrationType:2]]
[2023.11.10-10.38.05:767][  0]LogConfig: Setting CVar [[r.HairStrands.SkyAO.SampleCount:4]]
[2023.11.10-10.38.05:767][  0]LogConfig: Setting CVar [[r.HairStrands.Visibility.MSAA.SamplePerPixel:4]]
[2023.11.10-10.38.05:835][  0]LogInit: Selected Device Profile: [Windows]
[2023.11.10-10.38.05:913][  0]LogInit: Applying CVar settings loaded from the selected device profile: [Windows]
[2023.11.10-10.38.05:943][  0]LogHAL: Display: Platform has ~ 8 GB [8506691584 / 8589934592 / 8], which maps to Default [LargestMinGB=32, LargerMinGB=12, DefaultMinGB=8, SmallerMinGB=6, SmallestMinGB=0)
[2023.11.10-10.38.05:944][  0]LogInit: Going up to parent DeviceProfile []
[2023.11.10-10.38.05:948][  0]LogConfig: Applying CVar settings from Section [ViewDistanceQuality@3] File [D:/Unreal Engine/Sunny-Delivery/Sunny_Delivery/Saved/Config/Windows/Scalability.ini]
[2023.11.10-10.38.05:948][  0]LogConfig: Setting CVar [[r.SkeletalMeshLODBias:0]]
[2023.11.10-10.38.05:948][  0]LogConfig: Setting CVar [[r.ViewDistanceScale:1.0]]
[2023.11.10-10.38.05:948][  0]LogConfig: Applying CVar settings from Section [AntiAliasingQuality@3] File [D:/Unreal Engine/Sunny-Delivery/Sunny_Delivery/Saved/Config/Windows/Scalability.ini]
[2023.11.10-10.38.05:948][  0]LogConfig: Setting CVar [[r.PostProcessAAQuality:4]]
[2023.11.10-10.38.05:948][  0]LogConfig: Applying CVar settings from Section [ShadowQuality@3] File [D:/Unreal Engine/Sunny-Delivery/Sunny_Delivery/Saved/Config/Windows/Scalability.ini]
[2023.11.10-10.38.05:948][  0]LogConfig: Setting CVar [[r.LightFunctionQuality:1]]
[2023.11.10-10.38.05:948][  0]LogConfig: Setting CVar [[r.ShadowQuality:5]]
[2023.11.10-10.38.05:948][  0]LogConfig: Setting CVar [[r.Shadow.CSM.MaxCascades:10]]
[2023.11.10-10.38.05:948][  0]LogConfig: Setting CVar [[r.Shadow.MaxResolution:2048]]
[2023.11.10-10.38.05:948][  0]LogConfig: Setting CVar [[r.Shadow.MaxCSMResolution:2048]]
[2023.11.10-10.38.05:948][  0]LogConfig: Setting CVar [[r.Shadow.RadiusThreshold:0.01]]
[2023.11.10-10.38.05:948][  0]LogConfig: Setting CVar [[r.Shadow.DistanceScale:1.0]]
[2023.11.10-10.38.05:948][  0]LogConfig: Setting CVar [[r.Shadow.CSM.TransitionScale:1.0]]
[2023.11.10-10.38.05:948][  0]LogConfig: Setting CVar [[r.Shadow.PreShadowResolutionFactor:1.0]]
[2023.11.10-10.38.05:948][  0]LogConfig: Setting CVar [[r.DistanceFieldShadowing:1]]
[2023.11.10-10.38.05:948][  0]LogConfig: Setting CVar [[r.DistanceFieldAO:1]]
[2023.11.10-10.38.05:948][  0]LogConfig: Setting CVar [[r.AOQuality:2]]
[2023.11.10-10.38.05:948][  0]LogConfig: Setting CVar [[r.VolumetricFog:1]]
[2023.11.10-10.38.05:948][  0]LogConfig: Setting CVar [[r.VolumetricFog.GridPixelSize:8]]
[2023.11.10-10.38.05:948][  0]LogConfig: Setting CVar [[r.VolumetricFog.GridSizeZ:128]]
[2023.11.10-10.38.05:948][  0]LogConfig: Setting CVar [[r.VolumetricFog.HistoryMissSupersampleCount:4]]
[2023.11.10-10.38.05:948][  0]LogConfig: Setting CVar [[r.LightMaxDrawDistanceScale:1]]
[2023.11.10-10.38.05:948][  0]LogConfig: Setting CVar [[r.CapsuleShadows:1]]
[2023.11.10-10.38.05:948][  0]LogConfig: Applying CVar settings from Section [PostProcessQuality@3] File [D:/Unreal Engine/Sunny-Delivery/Sunny_Delivery/Saved/Config/Windows/Scalability.ini]
[2023.11.10-10.38.05:948][  0]LogConfig: Setting CVar [[r.MotionBlurQuality:4]]
[2023.11.10-10.38.05:948][  0]LogConfig: Setting CVar [[r.AmbientOcclusionMipLevelFactor:0.4]]
[2023.11.10-10.38.05:948][  0]LogConfig: Setting CVar [[r.AmbientOcclusionMaxQuality:100]]
[2023.11.10-10.38.05:948][  0]LogConfig: Setting CVar [[r.AmbientOcclusionLevels:-1]]
[2023.11.10-10.38.05:948][  0]LogConfig: Setting CVar [[r.AmbientOcclusionRadiusScale:1.0]]
[2023.11.10-10.38.05:948][  0]LogConfig: Setting CVar [[r.DepthOfFieldQuality:2]]
[2023.11.10-10.38.05:948][  0]LogConfig: Setting CVar [[r.RenderTargetPoolMin:400]]
[2023.11.10-10.38.05:948][  0]LogConfig: Setting CVar [[r.LensFlareQuality:2]]
[2023.11.10-10.38.05:948][  0]LogConfig: Setting CVar [[r.SceneColorFringeQuality:1]]
[2023.11.10-10.38.05:948][  0]LogConfig: Setting CVar [[r.EyeAdaptationQuality:2]]
[2023.11.10-10.38.05:948][  0]LogConfig: Setting CVar [[r.BloomQuality:5]]
[2023.11.10-10.38.05:948][  0]LogConfig: Setting CVar [[r.FastBlurThreshold:100]]
[2023.11.10-10.38.05:948][  0]LogConfig: Setting CVar [[r.Upscale.Quality:3]]
[2023.11.10-10.38.05:948][  0]LogConfig: Setting CVar [[r.Tonemapper.GrainQuantization:1]]
[2023.11.10-10.38.05:948][  0]LogConfig: Setting CVar [[r.LightShaftQuality:1]]
[2023.11.10-10.38.05:948][  0]LogConfig: Setting CVar [[r.Filter.SizeScale:1]]
[2023.11.10-10.38.05:948][  0]LogConfig: Setting CVar [[r.Tonemapper.Quality:5]]
[2023.11.10-10.38.05:948][  0]LogConfig: Setting CVar [[r.DOF.Gather.AccumulatorQuality:1        ; higher gathering accumulator quality]]
[2023.11.10-10.38.05:948][  0]LogConfig: Setting CVar [[r.DOF.Gather.PostfilterMethod:1          ; Median3x3 postfilering method]]
[2023.11.10-10.38.05:948][  0]LogConfig: Setting CVar [[r.DOF.Gather.EnableBokehSettings:0       ; no bokeh simulation when gathering]]
[2023.11.10-10.38.05:949][  0]LogConfig: Setting CVar [[r.DOF.Gather.RingCount:4                 ; medium number of samples when gathering]]
[2023.11.10-10.38.05:949][  0]LogConfig: Setting CVar [[r.DOF.Scatter.ForegroundCompositing:1    ; additive foreground scattering]]
[2023.11.10-10.38.05:949][  0]LogConfig: Setting CVar [[r.DOF.Scatter.BackgroundCompositing:2    ; additive background scattering]]
[2023.11.10-10.38.05:949][  0]LogConfig: Setting CVar [[r.DOF.Scatter.EnableBokehSettings:1      ; bokeh simulation when scattering]]
[2023.11.10-10.38.05:949][  0]LogConfig: Setting CVar [[r.DOF.Scatter.MaxSpriteRatio:0.1         ; only a maximum of 10% of scattered bokeh]]
[2023.11.10-10.38.05:949][  0]LogConfig: Setting CVar [[r.DOF.Recombine.Quality:1                ; cheap slight out of focus]]
[2023.11.10-10.38.05:949][  0]LogConfig: Setting CVar [[r.DOF.Recombine.EnableBokehSettings:0    ; no bokeh simulation on slight out of focus]]
[2023.11.10-10.38.05:949][  0]LogConfig: Setting CVar [[r.DOF.TemporalAAQuality:1                ; more stable temporal accumulation]]
[2023.11.10-10.38.05:949][  0]LogConfig: Setting CVar [[r.DOF.Kernel.MaxForegroundRadius:0.025]]
[2023.11.10-10.38.05:949][  0]LogConfig: Setting CVar [[r.DOF.Kernel.MaxBackgroundRadius:0.025]]
[2023.11.10-10.38.05:949][  0]LogConfig: Applying CVar settings from Section [TextureQuality@3] File [D:/Unreal Engine/Sunny-Delivery/Sunny_Delivery/Saved/Config/Windows/Scalability.ini]
[2023.11.10-10.38.05:949][  0]LogConfig: Setting CVar [[r.Streaming.MipBias:0]]
[2023.11.10-10.38.05:949][  0]LogConfig: Setting CVar [[r.Streaming.AmortizeCPUToGPUCopy:0]]
[2023.11.10-10.38.05:949][  0]LogConfig: Setting CVar [[r.Streaming.MaxNumTexturesToStreamPerFrame:0]]
[2023.11.10-10.38.05:949][  0]LogConfig: Setting CVar [[r.Streaming.Boost:1]]
[2023.11.10-10.38.05:949][  0]LogConfig: Setting CVar [[r.MaxAnisotropy:8]]
[2023.11.10-10.38.05:949][  0]LogConfig: Setting CVar [[r.VT.MaxAnisotropy:8]]
[2023.11.10-10.38.05:949][  0]LogConfig: Setting CVar [[r.Streaming.LimitPoolSizeToVRAM:0]]
[2023.11.10-10.38.05:949][  0]LogConfig: Setting CVar [[r.Streaming.PoolSize:1000]]
[2023.11.10-10.38.05:949][  0]LogConfig: Setting CVar [[r.Streaming.MaxEffectiveScreenSize:0]]
[2023.11.10-10.38.05:949][  0]LogConfig: Applying CVar settings from Section [EffectsQuality@3] File [D:/Unreal Engine/Sunny-Delivery/Sunny_Delivery/Saved/Config/Windows/Scalability.ini]
[2023.11.10-10.38.05:949][  0]LogConfig: Setting CVar [[r.TranslucencyLightingVolumeDim:64]]
[2023.11.10-10.38.05:949][  0]LogConfig: Setting CVar [[r.RefractionQuality:2]]
[2023.11.10-10.38.05:949][  0]LogConfig: Setting CVar [[r.SSR.Quality:3]]
[2023.11.10-10.38.05:949][  0]LogConfig: Setting CVar [[r.SSR.HalfResSceneColor:0]]
[2023.11.10-10.38.05:949][  0]LogConfig: Setting CVar [[r.SceneColorFormat:4]]
[2023.11.10-10.38.05:949][  0]LogConfig: Setting CVar [[r.DetailMode:2]]
[2023.11.10-10.38.05:949][  0]LogConfig: Setting CVar [[r.TranslucencyVolumeBlur:1]]
[2023.11.10-10.38.05:949][  0]LogConfig: Setting CVar [[r.MaterialQualityLevel:1 ; High quality]]
[2023.11.10-10.38.05:949][  0]LogConfig: Setting CVar [[r.AnisotropicMaterials:1]]
[2023.11.10-10.38.05:949][  0]LogConfig: Setting CVar [[r.SSS.Scale:1]]
[2023.11.10-10.38.05:949][  0]LogConfig: Setting CVar [[r.SSS.SampleSet:2]]
[2023.11.10-10.38.05:949][  0]LogConfig: Setting CVar [[r.SSS.Quality:1]]
[2023.11.10-10.38.05:949][  0]LogConfig: Setting CVar [[r.SSS.HalfRes:0]]
[2023.11.10-10.38.05:949][  0]LogConfig: Setting CVar [[r.SSGI.Quality:3]]
[2023.11.10-10.38.05:949][  0]LogConfig: Setting CVar [[r.EmitterSpawnRateScale:1.0]]
[2023.11.10-10.38.05:949][  0]LogConfig: Setting CVar [[r.ParticleLightQuality:2]]
[2023.11.10-10.38.05:949][  0]LogConfig: Setting CVar [[r.SkyAtmosphere.AerialPerspectiveLUT.FastApplyOnOpaque:1 ; Always have FastSkyLUT 1 in this case to avoid wrong sky]]
[2023.11.10-10.38.05:949][  0]LogConfig: Setting CVar [[r.SkyAtmosphere.AerialPerspectiveLUT.SampleCountMaxPerSlice:4]]
[2023.11.10-10.38.05:949][  0]LogConfig: Setting CVar [[r.SkyAtmosphere.AerialPerspectiveLUT.DepthResolution:16.0]]
[2023.11.10-10.38.05:949][  0]LogConfig: Setting CVar [[r.SkyAtmosphere.FastSkyLUT:1]]
[2023.11.10-10.38.05:949][  0]LogConfig: Setting CVar [[r.SkyAtmosphere.FastSkyLUT.SampleCountMin:4.0]]
[2023.11.10-10.38.05:949][  0]LogConfig: Setting CVar [[r.SkyAtmosphere.FastSkyLUT.SampleCountMax:128.0]]
[2023.11.10-10.38.05:949][  0]LogConfig: Setting CVar [[r.SkyAtmosphere.SampleCountMin:4.0]]
[2023.11.10-10.38.05:949][  0]LogConfig: Setting CVar [[r.SkyAtmosphere.SampleCountMax:128.0]]
[2023.11.10-10.38.05:949][  0]LogConfig: Setting CVar [[r.SkyAtmosphere.TransmittanceLUT.UseSmallFormat:0]]
[2023.11.10-10.38.05:949][  0]LogConfig: Setting CVar [[r.SkyAtmosphere.TransmittanceLUT.SampleCount:10.0]]
[2023.11.10-10.38.05:949][  0]LogConfig: Setting CVar [[r.SkyAtmosphere.MultiScatteringLUT.SampleCount:15.0]]
[2023.11.10-10.38.05:949][  0]LogConfig: Setting CVar [[r.SkyLight.RealTimeReflectionCapture:1]]
[2023.11.10-10.38.05:949][  0]LogConfig: Applying CVar settings from Section [FoliageQuality@3] File [D:/Unreal Engine/Sunny-Delivery/Sunny_Delivery/Saved/Config/Windows/Scalability.ini]
[2023.11.10-10.38.05:949][  0]LogConfig: Setting CVar [[foliage.DensityScale:1.0]]
[2023.11.10-10.38.05:949][  0]LogConfig: Setting CVar [[grass.DensityScale:1.0]]
[2023.11.10-10.38.05:949][  0]LogConfig: Applying CVar settings from Section [ShadingQuality@3] File [D:/Unreal Engine/Sunny-Delivery/Sunny_Delivery/Saved/Config/Windows/Scalability.ini]
[2023.11.10-10.38.05:949][  0]LogConfig: Setting CVar [[r.HairStrands.SkyLighting.IntegrationType:2]]
[2023.11.10-10.38.05:950][  0]LogConfig: Setting CVar [[r.HairStrands.SkyAO.SampleCount:4]]
[2023.11.10-10.38.05:950][  0]LogConfig: Setting CVar [[r.HairStrands.Visibility.MSAA.SamplePerPixel:4]]
[2023.11.10-10.38.05:950][  0]LogConfig: Applying CVar settings from Section [Startup] File [../../../Engine/Config/ConsoleVariables.ini]
[2023.11.10-10.38.05:964][  0]LogConfig: Setting CVar [[net.UseAdaptiveNetUpdateFrequency:0]]
[2023.11.10-10.38.05:964][  0]LogConfig: Setting CVar [[p.chaos.AllowCreatePhysxBodies:1]]
[2023.11.10-10.38.05:964][  0]LogConfig: Setting CVar [[fx.SkipVectorVMBackendOptimizations:1]]
[2023.11.10-10.38.05:964][  0]LogConfig: Applying CVar settings from Section [ConsoleVariables] File [D:/Unreal Engine/Sunny-Delivery/Sunny_Delivery/Saved/Config/Windows/Engine.ini]
[2023.11.10-10.38.05:964][  0]LogConfig: Applying CVar settings from Section [ConsoleVariables] File [D:/Unreal Engine/Sunny-Delivery/Sunny_Delivery/Saved/Config/Windows/Editor.ini]
[2023.11.10-10.38.06:233][  0]LogInit: Computer: MOKMUN
[2023.11.10-10.38.06:233][  0]LogInit: User: supakit
[2023.11.10-10.38.06:233][  0]LogInit: CPU Page size=4096, Cores=4
[2023.11.10-10.38.06:233][  0]LogInit: High frequency timer resolution =10.000000 MHz
[2023.11.10-10.38.06:309][  0]LogMemory: Memory total: Physical=7.9GB (8GB approx)
[2023.11.10-10.38.07:545][  0]LogMemory: Platform Memory Stats for Windows
[2023.11.10-10.38.07:545][  0]LogMemory: Process Physical Memory: 145.29 MB used, 145.29 MB peak
[2023.11.10-10.38.07:545][  0]LogMemory: Process Virtual Memory: 128.25 MB used, 128.25 MB peak
[2023.11.10-10.38.07:545][  0]LogMemory: Physical Memory: 7388.12 MB used,  724.49 MB free, 8112.61 MB total
[2023.11.10-10.38.07:545][  0]LogMemory: Virtual Memory: 134212968.00 MB used,  4763.38 MB free, 134217728.00 MB total
[2023.11.10-10.38.09:146][  0]LogWindows: WindowsPlatformFeatures enabled
[2023.11.10-10.38.11:964][  0]LogInit: Physics initialised using underlying interface: PhysX
[2023.11.10-10.38.13:298][  0]LogInit: Using OS detected language (en-US).
[2023.11.10-10.38.13:298][  0]LogInit: Using OS detected locale (th-TH).
[2023.11.10-10.38.14:458][  0]LogTextLocalizationManager: No specific localization for 'en-US' exists, so the 'en' localization will be used.
[2023.11.10-10.38.16:141][  0]LogInit: Setting process to per monitor DPI aware
[2023.11.10-10.38.16:888][  0]LogWindowsTextInputMethodSystem: Display: IME system deactivated.
[2023.11.10-10.38.18:157][  0]LogSlate: New Slate User Created.  User Index 0, Is Virtual User: 0
[2023.11.10-10.38.18:157][  0]LogSlate: Slate User Registered.  User Index 0, Is Virtual User: 0
[2023.11.10-10.38.21:899][  0]LogD3D11RHI: Loaded GFSDK_Aftermath_Lib.x64.dll
[2023.11.10-10.38.24:765][  0]LogHMD: Failed to initialize OpenVR with code 110
[2023.11.10-10.38.24:765][  0]LogD3D11RHI: D3D11 min allowed feature level: 11_0
[2023.11.10-10.38.24:765][  0]LogD3D11RHI: D3D11 max allowed feature level: 11_0
[2023.11.10-10.38.24:766][  0]LogD3D11RHI: D3D11 adapters:
[2023.11.10-10.38.26:093][  0]LogD3D11RHI:    0. 'NVIDIA GeForce GTX 1050' (Feature Level 11_0)
[2023.11.10-10.38.26:094][  0]LogD3D11RHI:       1978/0/4056 MB DedicatedVideo/DedicatedSystem/SharedSystem, Outputs:1, VendorId:0x10de
[2023.11.10-10.38.26:108][  0]LogD3D11RHI:    1. 'Intel(R) HD Graphics 630' (Feature Level 11_0)
[2023.11.10-10.38.26:108][  0]LogD3D11RHI:       128/0/4056 MB DedicatedVideo/DedicatedSystem/SharedSystem, Outputs:0, VendorId:0x8086
[2023.11.10-10.38.26:171][  0]LogD3D11RHI:    2. 'Microsoft Basic Render Driver' (Feature Level 11_0)
[2023.11.10-10.38.26:171][  0]LogD3D11RHI:       0/0/4056 MB DedicatedVideo/DedicatedSystem/SharedSystem, Outputs:0, VendorId:0x1414
[2023.11.10-10.38.26:171][  0]LogD3D11RHI: Chosen D3D11 Adapter:
[2023.11.10-10.38.26:171][  0]LogD3D11RHI:     Description : NVIDIA GeForce GTX 1050
[2023.11.10-10.38.26:171][  0]LogD3D11RHI:     VendorId    : 10de
[2023.11.10-10.38.26:171][  0]LogD3D11RHI:     DeviceId    : 1c8d
[2023.11.10-10.38.26:171][  0]LogD3D11RHI:     SubSysId    : 11c81462
[2023.11.10-10.38.26:171][  0]LogD3D11RHI:     Revision    : 00a1
[2023.11.10-10.38.26:171][  0]LogD3D11RHI:     DedicatedVideoMemory : 2074533888 bytes
[2023.11.10-10.38.26:171][  0]LogD3D11RHI:     DedicatedSystemMemory : 0 bytes
[2023.11.10-10.38.26:171][  0]LogD3D11RHI:     SharedSystemMemory : 4253345792 bytes
[2023.11.10-10.38.26:171][  0]LogD3D11RHI:     AdapterLuid : 0 90007
[2023.11.10-10.38.26:228][  0]LogD3D11RHI: Creating new Direct3DDevice
[2023.11.10-10.38.26:228][  0]LogD3D11RHI:     GPU DeviceId: 0x1c8d (for the marketing name, search the web for "GPU Device Id")
[2023.11.10-10.38.26:228][  0]LogWindows: EnumDisplayDevices:
[2023.11.10-10.38.26:228][  0]LogWindows:    0. 'Intel(R) HD Graphics 630' (P:1 D:1)
[2023.11.10-10.38.26:229][  0]LogWindows:    1. 'Intel(R) HD Graphics 630' (P:0 D:0)
[2023.11.10-10.38.26:229][  0]LogWindows:    2. 'Intel(R) HD Graphics 630' (P:0 D:0)
[2023.11.10-10.38.26:230][  0]LogWindows: DebugString: PrimaryIsNotTheChoosenAdapter PrimaryIsNotTheChoosenAdapter PrimaryIsNotTheChoosenAdapter FoundDriverCount:0 
[2023.11.10-10.38.26:230][  0]LogD3D11RHI:     Adapter Name: NVIDIA GeForce GTX 1050
[2023.11.10-10.38.26:230][  0]LogD3D11RHI:   Driver Version: Unknown (internal:Unknown, unified:Unknown)
[2023.11.10-10.38.26:230][  0]LogD3D11RHI:      Driver Date: Unknown
[2023.11.10-10.38.26:230][  0]LogRHI: Texture pool is 1384 MB (70% of 1978 MB)
[2023.11.10-10.38.26:230][  0]LogD3D11RHI: Creating D3DDevice using adapter:
[2023.11.10-10.38.26:230][  0]LogD3D11RHI:     Description : NVIDIA GeForce GTX 1050
[2023.11.10-10.38.26:230][  0]LogD3D11RHI:     VendorId    : 10de
[2023.11.10-10.38.26:230][  0]LogD3D11RHI:     DeviceId    : 1c8d
[2023.11.10-10.38.26:231][  0]LogD3D11RHI:     SubSysId    : 11c81462
[2023.11.10-10.38.26:231][  0]LogD3D11RHI:     Revision    : 00a1
[2023.11.10-10.38.26:231][  0]LogD3D11RHI:     DedicatedVideoMemory : 2074533888 bytes
[2023.11.10-10.38.26:231][  0]LogD3D11RHI:     DedicatedSystemMemory : 0 bytes
[2023.11.10-10.38.26:231][  0]LogD3D11RHI:     SharedSystemMemory : 4253345792 bytes
[2023.11.10-10.38.26:231][  0]LogD3D11RHI:     AdapterLuid : 0 90007
[2023.11.10-10.38.26:516][  0]LogD3D11RHI: RHI has support for 64 bit atomics
[2023.11.10-10.38.26:538][  0]LogD3D11RHI: Async texture creation enabled
[2023.11.10-10.38.26:538][  0]LogD3D11RHI: Array index from any shader is supported
[2023.11.10-10.38.28:947][  0]LogD3D11RHI: GPU Timing Frequency: 1000.000000 (Debug: 2 1)
[2023.11.10-10.38.29:563][  0]LogRHI: GeForceNow SDK initialized: 1
[2023.11.10-10.38.42:183][  0]LogTargetPlatformManager: Display: Loaded TargetPlatform 'AllDesktop'
[2023.11.10-10.38.42:323][  0]LogTargetPlatformManager: Display: Loaded TargetPlatform 'Android'
[2023.11.10-10.38.42:323][  0]LogTargetPlatformManager: Display: Loaded TargetPlatform 'Android_ASTC'
[2023.11.10-10.38.42:323][  0]LogTargetPlatformManager: Display: Loaded TargetPlatform 'Android_DXT'
[2023.11.10-10.38.42:323][  0]LogTargetPlatformManager: Display: Loaded TargetPlatform 'Android_ETC2'
[2023.11.10-10.38.42:323][  0]LogTargetPlatformManager: Display: Loaded TargetPlatform 'AndroidClient'
[2023.11.10-10.38.42:323][  0]LogTargetPlatformManager: Display: Loaded TargetPlatform 'Android_ASTCClient'
[2023.11.10-10.38.42:323][  0]LogTargetPlatformManager: Display: Loaded TargetPlatform 'Android_DXTClient'
[2023.11.10-10.38.42:323][  0]LogTargetPlatformManager: Display: Loaded TargetPlatform 'Android_ETC2Client'
[2023.11.10-10.38.42:323][  0]LogTargetPlatformManager: Display: Loaded TargetPlatform 'Android_Multi'
[2023.11.10-10.38.42:323][  0]LogTargetPlatformManager: Display: Loaded TargetPlatform 'Android_MultiClient'
[2023.11.10-10.38.42:890][  0]LogTargetPlatformManager: Display: Loaded TargetPlatform 'IOSClient'
[2023.11.10-10.38.42:891][  0]LogTargetPlatformManager: Display: Loaded TargetPlatform 'IOS'
[2023.11.10-10.38.42:931][  0]LogTargetPlatformManager: Display: Loaded TargetPlatform 'Linux'
[2023.11.10-10.38.42:957][  0]LogTargetPlatformManager: Display: Loaded TargetPlatform 'LinuxNoEditor'
[2023.11.10-10.38.42:969][  0]LogTargetPlatformManager: Display: Loaded TargetPlatform 'LinuxClient'
[2023.11.10-10.38.42:980][  0]LogTargetPlatformManager: Display: Loaded TargetPlatform 'LinuxServer'
[2023.11.10-10.38.42:997][  0]LogTargetPlatformManager: Display: Loaded TargetPlatform 'LinuxAArch64NoEditor'
[2023.11.10-10.38.43:006][  0]LogTargetPlatformManager: Display: Loaded TargetPlatform 'LinuxAArch64Client'
[2023.11.10-10.38.43:014][  0]LogTargetPlatformManager: Display: Loaded TargetPlatform 'LinuxAArch64Server'
[2023.11.10-10.38.43:074][  0]LogTargetPlatformManager: Display: Loaded TargetPlatform 'Lumin'
[2023.11.10-10.38.43:074][  0]LogTargetPlatformManager: Display: Loaded TargetPlatform 'LuminClient'
[2023.11.10-10.38.43:534][  0]LogTargetPlatformManager: Display: Loaded TargetPlatform 'MacNoEditor'
[2023.11.10-10.38.43:622][  0]LogTargetPlatformManager: Display: Loaded TargetPlatform 'Mac'
[2023.11.10-10.38.43:644][  0]LogTargetPlatformManager: Display: Loaded TargetPlatform 'MacClient'
[2023.11.10-10.38.43:663][  0]LogTargetPlatformManager: Display: Loaded TargetPlatform 'MacServer'
[2023.11.10-10.38.43:723][  0]LogTargetPlatformManager: Display: Loaded TargetPlatform 'TVOSClient'
[2023.11.10-10.38.43:724][  0]LogTargetPlatformManager: Display: Loaded TargetPlatform 'TVOS'
[2023.11.10-10.38.43:856][  0]LogTargetPlatformManager: Display: Loaded TargetPlatform 'WindowsNoEditor'
[2023.11.10-10.38.44:058][  0]LogTargetPlatformManager: Display: Loaded TargetPlatform 'Windows'
[2023.11.10-10.38.44:075][  0]LogTargetPlatformManager: Display: Loaded TargetPlatform 'WindowsClient'
[2023.11.10-10.38.44:099][  0]LogTargetPlatformManager: Display: Loaded TargetPlatform 'WindowsServer'
[2023.11.10-10.38.44:099][  0]LogTargetPlatformManager: Display: Building Assets For Windows
[2023.11.10-10.38.44:264][  0]LogAudioDebug: Display: Lib vorbis DLL was dynamically loaded.
[2023.11.10-10.38.45:190][  0]LogTextureFormatOodle: Display: Oodle Texture 2.9.0 init RDO Off
[2023.11.10-10.38.46:691][  0]LogRendererCore: Ray tracing is disabled. Reason: r.RayTracing=0.
[2023.11.10-10.38.46:867][  0]LogShaderCompilers: Guid format shader working directory is -11 characters bigger than the processId version (../../../../../Unreal Engine/Sunny-Delivery/Sunny_Delivery/Intermediate/Shaders/WorkingDirectory/18928/).
[2023.11.10-10.38.46:868][  0]LogShaderCompilers: Cleaned the shader compiler working directory 'C:/Users/supakit/AppData/Local/Temp/UnrealShaderWorkingDir/481B7E1F488E5DE4F04266A0D23848BD/'.
[2023.11.10-10.38.46:903][  0]LogXGEController: Cannot use XGE Controller as Incredibuild is not installed on this machine.
[2023.11.10-10.38.46:926][  0]LogShaderCompilers: Cannot use XGE Shader Compiler as Incredibuild is not installed on this machine.
[2023.11.10-10.38.46:927][  0]LogShaderCompilers: Display: Using Local Shader Compiler.
[2023.11.10-10.38.56:535][  0]LogDerivedDataCache: Display: Max Cache Size: 512 MB
[2023.11.10-10.38.56:759][  0]LogDerivedDataCache: Loaded boot cache 0.20s 94MB C:/Users/supakit/AppData/Local/UnrealEngine/4.27/DerivedDataCache/Boot.ddc.
[2023.11.10-10.38.56:760][  0]LogDerivedDataCache: Display: Loaded Boot cache: C:/Users/supakit/AppData/Local/UnrealEngine/4.27/DerivedDataCache/Boot.ddc
[2023.11.10-10.38.56:760][  0]LogDerivedDataCache: FDerivedDataBackendGraph:  Pak pak cache file ../../../../../Unreal Engine/Sunny-Delivery/Sunny_Delivery/DerivedDataCache/DDC.ddp not found, will not use a pak cache.
[2023.11.10-10.38.56:760][  0]LogDerivedDataCache: Unable to find inner node Pak for hierarchical cache Hierarchy.
[2023.11.10-10.38.56:760][  0]LogDerivedDataCache: FDerivedDataBackendGraph:  CompressedPak pak cache file ../../../../../Unreal Engine/Sunny-Delivery/Sunny_Delivery/DerivedDataCache/Compressed.ddp not found, will not use a pak cache.
[2023.11.10-10.38.56:760][  0]LogDerivedDataCache: Unable to find inner node CompressedPak for hierarchical cache Hierarchy.
[2023.11.10-10.38.56:962][  0]LogDerivedDataCache: Display: Pak cache opened for reading ../../../Engine/DerivedDataCache/Compressed.ddp.
[2023.11.10-10.38.56:962][  0]LogDerivedDataCache: FDerivedDataBackendGraph:  EnterprisePak pak cache file ../../../Enterprise/DerivedDataCache/Compressed.ddp not found, will not use a pak cache.
[2023.11.10-10.38.56:962][  0]LogDerivedDataCache: Unable to find inner node EnterprisePak for hierarchical cache Hierarchy.
[2023.11.10-10.38.57:017][  0]LogDerivedDataCache: Speed tests for C:/Users/supakit/AppData/Local/UnrealEngine/Common/DerivedDataCache took 0.05 seconds
[2023.11.10-10.38.57:017][  0]LogDerivedDataCache: Display: Performance to C:/Users/supakit/AppData/Local/UnrealEngine/Common/DerivedDataCache: Latency=3.13ms. RandomReadSpeed=107.87MBs, RandomWriteSpeed=115.46MBs. Assigned SpeedClass 'Fast'
[2023.11.10-10.38.57:018][  0]LogDerivedDataCache: Using Local data cache path C:/Users/supakit/AppData/Local/UnrealEngine/Common/DerivedDataCache: Writable
[2023.11.10-10.38.57:018][  0]LogDerivedDataCache: Shared data cache path not found in *engine.ini, will not use an Shared cache.
[2023.11.10-10.38.57:018][  0]LogDerivedDataCache: Unable to find inner node Shared for hierarchical cache Hierarchy.
[2023.11.10-10.38.58:004][  0]LogSlate: Using FreeType 2.10.0
[2023.11.10-10.38.58:333][  0]LogSlate: SlateFontServices - WITH_FREETYPE: 1, WITH_HARFBUZZ: 1
[2023.11.10-10.38.59:890][  0]LogAssetRegistry: FAssetRegistry took 0.0499 seconds to start up
[2023.11.10-10.39.34:117][  0]LogInit: Selected Device Profile: [Windows]
[2023.11.10-10.39.34:117][  0]LogInit: Active device profile: [0000013D60658B00][0000013D5FB01380 49] Windows
[2023.11.10-10.39.34:117][  0]LogInit: Profiles: [0000013D60658B00][0000013D5FB01380 49] Windows, [0000013D605FE100][0000013D5FB09500 49] WindowsNoEditor, [0000013D60659900][0000013D5FB0D680 49] WindowsServer, [0000013D605FEE00][0000013D5FB11800 49] WindowsClient, [0000013D6065BC00][0000013D5FB15980 49] IOS, [0000013D605FCF00][0000013D5FB19B00 49] iPadAir, [0000013D6065BE00][0000013D5FB1C100 49] iPadAir2, [0000013D60580D00][0000013D60B343C0 49] IPadPro, [0000013D60580E00][0000013D60B30400 49] iPadAir3, [0000013D605FFB00][0000013D60B38580 49] iPadAir4, [0000013D60583700][0000013D60B3C700 49] iPadMini2, [0000013D605FF100][0000013D60B40880 49] iPadMini3, [0000013D60583900][0000013D5FB049C0 49] iPadMini4, [0000013D605FF500][0000013D60B44B00 49] iPadMini5, [0000013D60588600][0000013D60B4CD40 49] iPhone6, [0000013D60588700][0000013D60B48D80 49] iPodTouch6, [0000013D6065A600][0000013D60B59040 49] iPhone7, [0000013D6065A800][0000013D60B55080 49] iPodTouch7, [0000013D60588100][0000013D60B5D200 49] iPhone5S, [0000013D60580700][0000013D60B61380 49] iPhone6Plus, [0000013D6058A500][0000013D60B65500 49] iPhone6S, [0000013D60581400][0000013D60B69680 49] iPhone6SPlus, [0000013D6058BB00][0000013D60B6D800 49] iPhone7Plus, [0000013D60583600][0000013D60B71980 49] iPhoneSE, [0000013D6065AC00][0000013D60B75B00 49] iPhone8, [0000013D60580600][0000013D60B78100 49] iPhone8Plus, [0000013D6065A100][0000013D60B7C280 49] iPhoneX, [0000013D60582900][0000013D60B80400 49] iPhoneXS, [0000013D6065BD00][0000013D60B84580 49] iPhoneXSMax, [0000013D60582E00][0000013D60B88700 49] iPhoneXR, [0000013D6065BF00][0000013D60B8C880 49] iPhone11, [0000013D60581F00][0000013D60B90A00 49] iPhone11Pro, [0000013D60658600][0000013D60B50B40 49] iPhone11ProMax, [0000013D60582000][0000013D60B94C80 49] iPhoneSE2, [0000013D6065BA00][0000013D60B98DC0 49] iPhone12Mini, [0000013D60582700][0000013D60B9CF00 49] iPhone12, [0000013D6065AA00][0000013D60BA5080 49] iPhone12Pro, [0000013D60580500][0000013D60BA9200 49] iPhone12ProMax, [0000013D6065B900][0000013D60BAD380 49] iPadPro105, [0000013D60581800][0000013D60BB1500 49] iPadPro129, [0000013D60658C00][0000013D60BB5680 49] iPadPro97, [0000013D60582400][0000013D60BB9800 49] iPadPro2_129, [0000013D60658800][0000013D60BBD980 49] iPad5, [0000013D60580400][0000013D60BC1B00 49] iPad6, [0000013D60659B00][0000013D60BC4100 49] iPad7, [0000013D60583500][0000013D60BC8280 49] iPad8, [0000013D60659F00][0000013D60BCC400 49] iPadPro11, [0000013D60581A00][0000013D60BD0580 49] iPadPro2_11, [0000013D6065A500][0000013D60BD4700 49] iPadPro3_129, [0000013D60582200][0000013D60BD8880 49] iPadPro4_129, [0000013D60659600][0000013D60BDCA00 49] AppleTV, [0000013D60583D00][0000013D60BE0B80 49] AppleTV4K, [0000013D60659A00][0000013D60BE4D00 49] TVOS, [0000013D60580A00][0000013D60BA0E40 49] Mac, [0000013D6065A400][0000013D60BE8F80 49] MacClient, [0000013D60582C00][0000013D60BED0C0 49] MacNoEditor, [0000013D6065B500][0000013D60BF5240 49] MacServer, [0000013D60582300][0000013D60BF93C0 49] Linux, [0000013D60658300][0000013D60BFD540 49] LinuxAArch64, [0000013D60582100][0000013D60C016C0 49] LinuxNoEditor, [0000013D6065A300][0000013D60C05840 49] LinuxAArch64NoEditor, [0000013D60583C00][0000013D60C099C0 49] LinuxClient, [0000013D60658F00][0000013D60C0DB40 49] LinuxAArch64Client, [0000013D60581200][0000013D60C10140 49] LinuxServer, [0000013D6065B000][0000013D60C142C0 49] LinuxAArch64Server, [0000013D60581600][0000013D60C18440 49] Android, [0000013D60659200][0000013D60C1C5C0 49] Android_Low, [0000013D60583E00][0000013D60C20740 49] Android_Mid, [0000013D60658100][0000013D60C248C0 49] Android_High, [0000013D60582A00][0000013D60C28A40 49] Android_Default, [0000013D60659300][0000013D60C2CBC0 49] Android_Adreno4xx, [0000013D605FE300][0000013D60C30D40 49] Android_Adreno5xx_Low, [0000013D60589C00][0000013D60C34EC0 49] Android_Adreno5xx, [0000013D605FFE00][0000013D60BF1000 49] Android_Adreno6xx, [0000013D6058A700][0000013D60C39140 49] Android_Adreno6xx_Vulkan, [0000013D605FF600][0000013D60C3D280 49] Android_Mali_T6xx, [0000013D60588F00][0000013D60C413C0 49] Android_Mali_T7xx, [0000013D605FDB00][0000013D60C49540 49] Android_Mali_T8xx, [0000013D60589F00][0000013D60C4D6C0 49] Android_Mali_G71, [0000013D605FEC00][0000013D60C51840 49] Android_Mali_G72, [0000013D6058AF00][0000013D60C559C0 49] Android_Mali_G72_Vulkan, [0000013D605FE500][0000013D60C59B40 49] Android_Mali_G76, [0000013D6058A200][0000013D60C5C140 49] Android_Mali_G76_Vulkan, [0000013D605FCE00][0000013D60C602C0 49] Android_Mali_G77, [0000013D60589400][0000013D60C64440 49] Android_Mali_G77_Vulkan, [0000013D605FF700][0000013D60C685C0 49] Android_Mali_G78, [0000013D60589300][0000013D60C6C740 49] Android_Mali_G78_Vulkan, [0000013D605FD500][0000013D60C708C0 49] Android_Mali_G710, [0000013D6058BD00][0000013D60C74A40 49] Android_Mali_G710_Vulkan, [0000013D605FC700][0000013D60C78BC0 49] Android_Vulkan_SM5, [0000013D60589B00][0000013D60C7CD40 49] Android_PowerVR_G6xxx, [0000013D605FCA00][0000013D60C80EC0 49] Android_PowerVR_GT7xxx, [0000013D60588200][0000013D60C85040 49] Android_PowerVR_GE8xxx, [0000013D605FF800][0000013D60C45180 49] Android_PowerVR_GM9xxx, [0000013D60588A00][0000013D60C892C0 49] Android_PowerVR_GM9xxx_Vulkan, [0000013D605FD000][0000013D60C8D400 49] Android_TegraK1, [0000013D60589700][0000013D60C91540 49] Android_Unknown_Vulkan, [0000013D605FD800][0000013D60C996C0 49] Lumin, [0000013D6058BC00][0000013D60C9D840 49] Lumin_Desktop, [0000013D605FD600][0000013D60CA19C0 49] HoloLens, 
[2023.11.10-10.40.04:072][  0]LogMeshReduction: Using QuadricMeshReduction for automatic static mesh reduction
[2023.11.10-10.40.04:072][  0]LogMeshReduction: Using SimplygonMeshReduction for automatic skeletal mesh reduction
[2023.11.10-10.40.04:072][  0]LogMeshReduction: Using ProxyLODMeshReduction for automatic mesh merging
[2023.11.10-10.40.04:072][  0]LogMeshReduction: No distributed automatic mesh merging module available
[2023.11.10-10.40.04:259][  0]LogMeshMerging: No distributed automatic mesh merging module available
[2023.11.10-10.40.12:999][  0]LogNetVersion: Sunny_Delivery 1.0.0, NetCL: 17155196, EngineNetVer: 17, GameNetVer: 0 (Checksum: 1828525254)
[2023.11.10-10.41.00:577][  0]LogTexture: Default maximum texture size for cubemaps generated from long-lat sources has been changed from 512 to unlimited. In order to preserve old behaiour for '/Engine/MapTemplates/Sky/DaylightAmbientCubemap.DaylightAmbientCubemap', its maximum texture size has been explicitly set to 512.
[2023.11.10-10.41.03:454][  0]LogHMD: PokeAHoleMaterial loaded successfully
[2023.11.10-10.41.03:725][  0]LogUObjectArray: 17178 objects as part of root set at end of initial load.
[2023.11.10-10.41.03:725][  0]LogUObjectAllocator: 4302048 out of 0 bytes used by permanent object pool.
[2023.11.10-10.41.03:726][  0]LogUObjectArray: CloseDisregardForGC: 0/0 objects in disregard for GC pool
[2023.11.10-10.41.21:801][  0]LogNiagaraDebuggerClient: Niagara Debugger Client Initialized | Session: 2A485D464CDE45FD6785B8B7E4DAC930 | Instance: A50F50424523C7D8350560B439A00B7D (MOKMUN-18928).
[2023.11.10-10.41.25:293][  0]LogTcpMessaging: Initializing TcpMessaging bridge
[2023.11.10-10.41.26:457][  0]LogUdpMessaging: Initializing bridge on interface 0.0.0.0:0 to multicast group 230.0.0.1:6666.
[2023.11.10-10.41.35:847][  0]LogPython: Using Python 3.7.7
[2023.11.10-10.41.45:348][  0]SourceControl: Source control is disabled
[2023.11.10-10.41.45:348][  0]SourceControl: Source control is disabled
[2023.11.10-10.41.45:648][  0]SourceControl: Source control is disabled
[2023.11.10-10.41.45:687][  0]SourceControl: Source control is disabled
[2023.11.10-10.41.46:046][  0]LogUProjectInfo: Found projects:
[2023.11.10-10.41.47:650][  0]SourceControl: Source control is disabled
[2023.11.10-10.41.51:920][  0]LogOpenImageDenoise: OIDN starting up
[2023.11.10-10.41.53:269][  0]LogAndroidPermission: UAndroidPermissionCallbackProxy::GetInstance
[2023.11.10-10.41.53:958][  0]LogAudioCaptureCore: Display: No Audio Capture implementations found. Audio input will be silent.
[2023.11.10-10.41.53:958][  0]LogAudioCaptureCore: Display: No Audio Capture implementations found. Audio input will be silent.
[2023.11.10-10.41.57:028][  0]LogCollectionManager: Loaded 0 collections in 0.002975 seconds
[2023.11.10-10.41.58:577][  0]LogFileCache: Scanning file cache for directory 'D:/Unreal Engine/Sunny-Delivery/Sunny_Delivery/Saved/Collections/' took 0.00s
[2023.11.10-10.41.58:577][  0]LogFileCache: Scanning file cache for directory 'D:/Unreal Engine/Sunny-Delivery/Sunny_Delivery/Content/Developers/supakit/Collections/' took 0.00s
[2023.11.10-10.41.58:577][  0]LogFileCache: Scanning file cache for directory 'D:/Unreal Engine/Sunny-Delivery/Sunny_Delivery/Content/Collections/' took 0.00s
[2023.11.10-10.41.58:676][  0]LogOcInput: OculusInput pre-init called
[2023.11.10-10.42.08:539][  0]LogAutomationTest: Warning: Smoke tests took >2s to run (2.31s). 'FAutomationTestAttemptToFindUninitializedScriptStructMembers' took 1972ms. SmokeFilter tier tests should take less than 1ms. Please optimize or move 'FAutomationTestAttemptToFindUninitializedScriptStructMembers' to a slower tier than SmokeFilter.
[2023.11.10-10.42.08:724][  0]LogEngine: Initializing Engine...
[2023.11.10-10.42.10:738][  0]LogHMD: Failed to enumerate extensions. Please check that you have a valid OpenXR runtime installed.
[2023.11.10-10.42.10:755][  0]LogHMD: Failed to initialize OpenVR with code 110
[2023.11.10-10.42.10:763][  0]LogMagicLeap: Warning: VR disabled because ZI is not enabled.  To enable, in the editor, Edit -> Project Settings -> Plugins -> Magic Leap Plugin -> Enable Zero Iteration
[2023.11.10-10.42.10:939][  0]LogStats: UGameplayTagsManager::InitializeManager -  0.039 s
[2023.11.10-10.42.13:392][  0]LogInit: Initializing FReadOnlyCVARCache
[2023.11.10-10.42.14:893][  0]LogAIModule: Creating AISystem for world Untitled
[2023.11.10-10.42.15:010][  0]LogAudio: Display: Initializing Audio Device Manager...
[2023.11.10-10.42.15:048][  0]LogAudio: Display: Loading Default Audio Settings Objects...
[2023.11.10-10.42.15:057][  0]LogAudio: Display: No default SoundConcurrencyObject specified (or failed to load).
[2023.11.10-10.42.15:556][  0]LogAudio: Display: Audio Device Manager Initialized
[2023.11.10-10.42.15:556][  0]LogAudio: Display: Creating Audio Device:                 Id: 1, Scope: Shared, Realtime: True
[2023.11.10-10.42.15:584][  0]LogAudioMixer: Display: Audio Mixer Platform Settings:
[2023.11.10-10.42.15:584][  0]LogAudioMixer: Display: 	Sample Rate:						  48000
[2023.11.10-10.42.15:584][  0]LogAudioMixer: Display: 	Callback Buffer Frame Size Requested: 1024
[2023.11.10-10.42.15:584][  0]LogAudioMixer: Display: 	Callback Buffer Frame Size To Use:	  1024
[2023.11.10-10.42.15:584][  0]LogAudioMixer: Display: 	Number of buffers to queue:			  2
[2023.11.10-10.42.15:584][  0]LogAudioMixer: Display: 	Max Channels (voices):				  32
[2023.11.10-10.42.15:584][  0]LogAudioMixer: Display: 	Number of Async Source Workers:		  0
[2023.11.10-10.42.15:602][  0]LogAudio: Display: AudioDevice MaxSources: 32
[2023.11.10-10.42.15:674][  0]LogAudio: Display: Audio Spatialization Plugin: None (built-in).
[2023.11.10-10.42.15:674][  0]LogAudio: Display: Audio Reverb Plugin: None (built-in).
[2023.11.10-10.42.15:674][  0]LogAudio: Display: Audio Occlusion Plugin: None (built-in).
[2023.11.10-10.42.15:722][  0]LogAudioMixer: Display: Initializing audio mixer.
[2023.11.10-10.42.16:568][  0]LogAudioMixer: Display: 0: FrontLeft
[2023.11.10-10.42.16:569][  0]LogAudioMixer: Display: 1: FrontRight
[2023.11.10-10.42.17:406][  0]LogAudioMixer: Display: Using Audio Device Speakers (Realtek High Definition Audio)
[2023.11.10-10.42.17:471][  0]LogAudioMixer: Display: Initializing Sound Submixes...
[2023.11.10-10.42.17:516][  0]LogAudioMixer: Display: Creating Master Submix 'MasterSubmixDefault'
[2023.11.10-10.42.17:516][  0]LogAudioMixer: Display: Creating Master Submix 'MasterReverbSubmixDefault'
[2023.11.10-10.42.17:542][  0]LogAudioMixer: Display: Creating Master Submix 'MasterEQSubmixDefault'
[2023.11.10-10.42.17:543][  0]LogAudioMixer: FMixerPlatformXAudio2::StartAudioStream() called
[2023.11.10-10.42.17:543][  0]LogAudioMixer: Display: Output buffers initialized: Frames=1024, Channels=2, Samples=2048
[2023.11.10-10.42.17:546][  0]LogAudioMixer: Display: Starting AudioMixerPlatformInterface::RunInternal()
[2023.11.10-10.42.17:546][  0]LogAudioMixer: Display: FMixerPlatformXAudio2::SubmitBuffer() called for the first time
[2023.11.10-10.42.17:546][  0]LogInit: FAudioDevice initialized.
[2023.11.10-10.42.17:552][  0]LogAudio: Display: Audio Device (ID: 1) registered with world 'Untitled'.
[2023.11.10-10.42.17:556][  0]LogNetVersion: Set ProjectVersion to 1.0.0.0. Version Checksum will be recalculated on next use.
[2023.11.10-10.42.17:657][  0]LogAudioMixer: Display: Audio Buffer Underrun (starvation) detected.
[2023.11.10-10.42.17:657][  0]LogDerivedDataCache: Saved boot cache 0.10s 94MB C:/Users/supakit/AppData/Local/UnrealEngine/4.27/DerivedDataCache/Boot.ddc.
[2023.11.10-10.42.17:820][  0]LogInit: Texture streaming: Enabled
[2023.11.10-10.42.18:323][  0]LogAnalytics: Display: [UEEditor.Rocket.Release] APIServer = https://datarouter.ol.epicgames.com/. AppVersion = 4.27.2-18319896+++UE4+Release-4.27
[2023.11.10-10.42.18:392][  0]LogEngineSessionManager: EngineSessionManager initialized
[2023.11.10-10.42.18:428][  0]LogEditorSessionSummary: Verbose: Initializing EditorSessionSummaryWriter for editor session tracking
[2023.11.10-10.42.19:161][  0]LogEditorSessionSummary: EditorSessionSummaryWriter initialized
[2023.11.10-10.42.20:976][  0]LogInit: Transaction tracking system initialized
[2023.11.10-10.42.22:311][  0]BlueprintLog: New page: Editor Load
[2023.11.10-10.42.25:508][  0]LocalizationService: Localization service is disabled
[2023.11.10-10.42.26:910][  0]TimingProfiler: Initialize
[2023.11.10-10.42.26:914][  0]TimingProfiler: OnSessionChanged
[2023.11.10-10.42.26:915][  0]LoadingProfiler: Initialize
[2023.11.10-10.42.26:916][  0]LoadingProfiler: OnSessionChanged
[2023.11.10-10.42.26:916][  0]NetworkingProfiler: Initialize
[2023.11.10-10.42.26:919][  0]NetworkingProfiler: OnSessionChanged
[2023.11.10-10.42.26:919][  0]MemoryProfiler: Initialize
[2023.11.10-10.42.26:919][  0]MemoryProfiler: OnSessionChanged
[2023.11.10-10.42.33:196][  0]LogFileCache: Scanning file cache for directory 'D:/Unreal Engine/Sunny-Delivery/Sunny_Delivery/Content/' took 0.51s
[2023.11.10-10.42.33:197][  0]LogCook: Display: CookSettings for Memory: MemoryMaxUsedVirtual 0MiB, MemoryMaxUsedPhysical 16384MiB, MemoryMinFreeVirtual 0MiB, MemoryMinFreePhysical 1024MiB
[2023.11.10-10.42.33:197][  0]LogCook: Display: Mobile HDR setting 1
[2023.11.10-10.42.49:757][  0]LogInit: Display: Engine is initialized. Leaving FEngineLoop::Init()
[2023.11.10-10.42.50:063][  0]SourceControl: Source control is disabled
[2023.11.10-10.42.52:374][  0]LogSlate: Took 0.057285 seconds to synchronously load lazily loaded font '../../../Engine/Content/Slate/Fonts/Roboto-Regular.ttf' (155K)
[2023.11.10-10.55.11:386][  0]LogSlate: Window 'Restore Packages' being destroyed
[2023.11.10-10.55.14:046][  0]LogUnrealEdMisc: Loading editor; pre map load, took 1202.804
[2023.11.10-10.55.16:009][  0]Cmd: MAP LOAD FILE="../../../../../Unreal Engine/Sunny-Delivery/Sunny_Delivery/Content/Adam/TestMap.umap" TEMPLATE=0 SHOWPROGRESS=1 FEATURELEVEL=3
[2023.11.10-10.55.17:528][  0]LightingResults: New page: Lighting Build
[2023.11.10-10.55.20:329][  0]LogWorld: UWorld::CleanupWorld for Untitled, bSessionEnded=true, bCleanupResources=true
[2023.11.10-10.55.20:771][  0]LogSlate: InvalidateAllWidgets triggered.  All widgets were invalidated
[2023.11.10-10.55.21:558][  0]MapCheck: New page: Map Check
[2023.11.10-10.55.21:640][  0]LightingResults: New page: Lighting Build
[2023.11.10-10.55.29:571][  0]LogAudio: Display: Audio Device unregistered from world 'None'.
[2023.11.10-10.55.32:268][  0]LogUObjectHash: Compacting FUObjectHashTables data took 649.89ms
[2023.11.10-10.56.57:678][  0]LogSkeletalMesh: Display: [AssetLog] D:\Unreal Engine\Sunny-Delivery\Sunny_Delivery\Content\AssetsvilleTown\Meshes\Vehicles\SK_veh_TruckTrailer_01.uasset: Find and fix some bad tangent! please re-import this skeletal mesh asset to fix the issue. The shading of the skeletal mesh will be bad and faceted.
[2023.11.10-10.57.07:384][  0]LogAudio: Display: Audio Device (ID: 1) registered with world 'TestMap'.
[2023.11.10-10.57.09:774][  0]LogAIModule: Creating AISystem for world TestMap
[2023.11.10-10.57.19:857][  0]LogEditorServer: Finished looking for orphan Actors (0.035 secs)
[2023.11.10-10.57.22:617][  0]LogUObjectHash: Compacting FUObjectHashTables data took  15.88ms
[2023.11.10-10.57.23:387][  0]Cmd: MAP CHECKDEP NOCLEARLOG
[2023.11.10-10.57.24:014][  0]MapCheck: Map check complete: 0 Error(s), 0 Warning(s), took 71.694ms to complete.
[2023.11.10-10.57.24:116][  0]LogFileHelpers: Loading map 'TestMap' took 128.878
[2023.11.10-10.58.10:374][  0]LogUnrealEdMisc: Total Editor Startup Time, took 1379.159
